<?xml version="1.0" encoding="utf-8" standalone="no"?>
<!--This file represents the results of running a test suite-->
<test-results name="C:\dev\IndiaApplication\IndiaApplication.acceptance.test\bin\Debug\IndiaApplication.acceptance.test.dll" total="2" errors="0" failures="0" not-run="0" inconclusive="0" ignored="0" skipped="0" invalid="0" date="2012-02-14" time="00:16:24">
  <environment nunit-version="2.5.10.11092" clr-version="2.0.50727.4927" os-version="Microsoft Windows NT 6.1.7600.0" platform="Win32NT" cwd="C:\dev\IndiaApplication" machine-name="DAVID-PC" user="David" user-domain="David-PC" />
  <culture-info current-culture="en-US" current-uiculture="en-US" />
  <test-suite type="Assembly" name="C:\dev\IndiaApplication\IndiaApplication.acceptance.test\bin\Debug\IndiaApplication.acceptance.test.dll" executed="True" result="Success" success="True" time="17.348" asserts="0">
    <results>
      <test-suite type="Namespace" name="IndiaApplication" executed="True" result="Success" success="True" time="17.334" asserts="0">
        <results>
          <test-suite type="Namespace" name="acceptance" executed="True" result="Success" success="True" time="17.334" asserts="0">
            <results>
              <test-suite type="Namespace" name="test" executed="True" result="Success" success="True" time="17.333" asserts="0">
                <results>
                  <test-suite type="TestFixture" name="LogInTest" executed="True" result="Success" success="True" time="17.330" asserts="0">
                    <results>
                      <test-case name="IndiaApplication.acceptance.test.LogInTest.ShouldBeAbleToRegisterOnSite" executed="True" result="Success" success="True" time="5.048" asserts="0" />
                      <test-case name="IndiaApplication.acceptance.test.LogInTest.ShouldFailWithShortPassword" executed="True" result="Success" success="True" time="3.280" asserts="0" />
                    </results>
                  </test-suite>
                </results>
              </test-suite>
            </results>
          </test-suite>
        </results>
      </test-suite>
    </results>
  </test-suite>
</test-results>