<?xml version="1.0" encoding="utf-8" standalone="no"?>
<!--This file represents the results of running a test suite-->
<test-results name="C:\dev\IndiaApplication\IndiaApplication.acceptance.test\bin\Debug\IndiaApplication.acceptance.test.dll" total="1" errors="1" failures="0" not-run="0" inconclusive="0" ignored="0" skipped="0" invalid="0" date="2012-02-08" time="22:16:45">
  <environment nunit-version="2.5.10.11092" clr-version="2.0.50727.4927" os-version="Microsoft Windows NT 6.1.7600.0" platform="Win32NT" cwd="C:\dev\IndiaApplication\packages\NUnit.2.5.10.11092\tools" machine-name="DAVID-PC" user="David" user-domain="David-PC" />
  <culture-info current-culture="en-US" current-uiculture="en-US" />
  <test-suite type="Assembly" name="C:\dev\IndiaApplication\IndiaApplication.acceptance.test\bin\Debug\IndiaApplication.acceptance.test.dll" executed="True" result="Failure" success="False" time="0.540" asserts="0">
    <results>
      <test-suite type="Namespace" name="IndiaApplication" executed="True" result="Failure" success="False" time="0.536" asserts="0">
        <results>
          <test-suite type="Namespace" name="acceptance" executed="True" result="Failure" success="False" time="0.535" asserts="0">
            <results>
              <test-suite type="Namespace" name="test" executed="True" result="Failure" success="False" time="0.534" asserts="0">
                <results>
                  <test-suite type="TestFixture" name="LogInTest" executed="True" result="Failure" success="False" time="0.533" asserts="0">
                    <results>
                      <test-case name="IndiaApplication.acceptance.test.LogInTest.ShouldBeAbleToRegisterOnSite" executed="True" result="Error" success="False" time="0.518" asserts="0">
                        <failure>
                          <message><![CDATA[OpenQA.Selenium.DriverServiceNotFoundException : The file C:\dev\IndiaApplication\IndiaApplication.acceptance.test\bin\Debug\chromedriver.exe does not exist.]]></message>
                          <stack-trace><![CDATA[at OpenQA.Selenium.Chrome.ChromeDriverService.CreateDefaultService(String driverPath)
at OpenQA.Selenium.Chrome.ChromeDriverService.CreateDefaultService()
at OpenQA.Selenium.Chrome.ChromeDriver..ctor()
at IndiaApplication.acceptance.test.LogInTest.ShouldBeAbleToRegisterOnSite() in C:\dev\IndiaApplication\IndiaApplication.acceptance.test\LogInTest.cs:line 15
]]></stack-trace>
                        </failure>
                      </test-case>
                    </results>
                  </test-suite>
                </results>
              </test-suite>
            </results>
          </test-suite>
        </results>
      </test-suite>
    </results>
  </test-suite>
</test-results>